<?xml version="1.0" encoding="UTF-8"?>
<!-- Generated by org.testng.reporters.JUnitXMLReporter -->
<testsuite hostname="DESKTOP-9A93U2P" ignored="10" name="EmployeePageActions1" tests="6" failures="0" timestamp="2021-10-10T16:16:41 MSK" time="23.628" errors="0">
  <testcase name="logIn" time="6.304" classname="practice2021.Login"/>
  <testcase name="addNewEmployee" time="4.535" classname="practice2021.AddEmployee"/>
  <testcase name="findEmployee" time="1.956" classname="practice2021.FindEmployee"/>
  <testcase name="editEmployeeInfo" time="7.11" classname="practice2021.EditEmployeeInfo"/>
  <testcase name="deleteEmployee" time="2.69" classname="practice2021.DeleteEmployee"/>
  <testcase name="logout" time="0.997" classname="practice2021.Logout"/>
  <testcase name="@AfterSuite tearDown" time="0.0" classname="practice2021.TestBase">
    <ignored/>
  </testcase> <!-- @AfterSuite tearDown -->
  <testcase name="@AfterSuite tearDown" time="0.0" classname="practice2021.TestBase">
    <ignored/>
  </testcase> <!-- @AfterSuite tearDown -->
  <testcase name="@AfterSuite tearDown" time="0.0" classname="practice2021.TestBase">
    <ignored/>
  </testcase> <!-- @AfterSuite tearDown -->
  <testcase name="@AfterSuite tearDown" time="0.0" classname="practice2021.TestBase">
    <ignored/>
  </testcase> <!-- @AfterSuite tearDown -->
  <testcase name="@AfterSuite tearDown" time="0.0" classname="practice2021.TestBase">
    <ignored/>
  </testcase> <!-- @AfterSuite tearDown -->
  <testcase name="@BeforeSuite setUp" time="0.0" classname="practice2021.TestBase">
    <ignored/>
  </testcase> <!-- @BeforeSuite setUp -->
  <testcase name="@BeforeSuite setUp" time="0.0" classname="practice2021.TestBase">
    <ignored/>
  </testcase> <!-- @BeforeSuite setUp -->
  <testcase name="@BeforeSuite setUp" time="0.0" classname="practice2021.TestBase">
    <ignored/>
  </testcase> <!-- @BeforeSuite setUp -->
  <testcase name="@BeforeSuite setUp" time="0.0" classname="practice2021.TestBase">
    <ignored/>
  </testcase> <!-- @BeforeSuite setUp -->
  <testcase name="@BeforeSuite setUp" time="0.0" classname="practice2021.TestBase">
    <ignored/>
  </testcase> <!-- @BeforeSuite setUp -->
</testsuite> <!-- EmployeePageActions1 -->
