<?xml version="1.0" encoding="UTF-8"?>
<testsuite xmlns:xsi="http://www.w3.org/2001/XMLSchema-instance" xsi:noNamespaceSchemaLocation="https://maven.apache.org/surefire/maven-surefire-plugin/xsd/surefire-test-report-3.0.xsd" version="3.0" name="TestSuite" time="26.117" tests="6" errors="0" skipped="0" failures="0">
  <properties>
[...]
</properties>
  <testcase name="logIn" classname="practice2021.Login" time="5.691">
    <system-out><![CDATA[Employee number 16 selected.
Main page opened.
]]></system-out>
    <system-err><![CDATA[Starting ChromeDriver 94.0.4606.61 (418b78f5838ed0b1c69bb4e51ea0252171854915-refs/branch-heads/4606@{#1204}) on port 4764
Only local connections are allowed.
Please see https://chromedriver.chromium.org/security-considerations for suggestions on keeping ChromeDriver safe.
ChromeDriver was started successfully.
окт 10, 2021 4:09:14 PM org.openqa.selenium.remote.ProtocolHandshake createSession
INFO: Detected dialect: W3C
]]></system-err>
  </testcase>
  <testcase name="addNewEmployee" classname="practice2021.AddEmployee" time="4.882"/>
  <testcase name="findEmployee" classname="practice2021.FindEmployee" time="1.957">
    <system-out><![CDATA[Enda Dechant is found on the Employee page
]]></system-out>
  </testcase>
  <testcase name="editEmployeeInfo" classname="practice2021.EditEmployeeInfo" time="6.648">
    <system-out><![CDATA[Enda Dechant is found on the Employee page
Now Enda Dechant has a photo.
]]></system-out>
  </testcase>
  <testcase name="deleteEmployee" classname="practice2021.DeleteEmployee" time="2.627">
    <system-out><![CDATA[Enda Dechant is found on the Employee page
Enda Dechant was successfully deleted from the employee list.
]]></system-out>
  </testcase>
  <testcase name="logout" classname="practice2021.Logout" time="1.004"/>
</testsuite>