<?xml version="1.0" encoding="UTF-8"?>
<testng-results skipped="0" failed="0" ignored="14" total="22" passed="8">
  <reporter-output>
  </reporter-output>
  <suite name="Suite1" duration-ms="46800" started-at="2021-10-10T22:11:42 MSK" finished-at="2021-10-10T22:12:29 MSK">
    <groups>
      <group name="checkintest">
        <method signature="AddEmp.addNewEmployee()[pri:0, instance:practice2021.AddEmp@6737fd8f]" name="addNewEmployee" class="practice2021.AddEmp"/>
        <method signature="DeleteEmp.deleteEmployee()[pri:0, instance:practice2021.DeleteEmp@7494e528]" name="deleteEmployee" class="practice2021.DeleteEmp"/>
        <method signature="Login.logIn()[pri:0, instance:practice2021.Login@79be0360]" name="logIn" class="practice2021.Login"/>
      </group> <!-- checkintest -->
      <group name="fuСЃktest">
        <method signature="DeleteEmp.deleteEmployee()[pri:0, instance:practice2021.DeleteEmp@7494e528]" name="deleteEmployee" class="practice2021.DeleteEmp"/>
      </group> <!-- fuСЃktest -->
      <group name="funСЃtest">
        <method signature="AddEmp.addNewEmployee()[pri:0, instance:practice2021.AddEmp@6737fd8f]" name="addNewEmployee" class="practice2021.AddEmp"/>
      </group> <!-- funСЃtest -->
    </groups>
    <test name="EmployeePageActions1" duration-ms="46800" started-at="2021-10-10T22:11:42 MSK" finished-at="2021-10-10T22:12:29 MSK">
      <class name="practice2021.Logout">
        <test-method status="PASS" signature="logout()[pri:0, instance:practice2021.Logout@7c29daf3]" name="logout" duration-ms="1095" started-at="2021-10-10T22:12:28 MSK" finished-at="2021-10-10T22:12:29 MSK">
          <reporter-output>
          </reporter-output>
        </test-method> <!-- logout -->
      </class> <!-- practice2021.Logout -->
      <class name="practice2021.AddEmp">
        <test-method status="PASS" signature="addNewEmployee()[pri:0, instance:practice2021.AddEmp@6737fd8f]" name="addNewEmployee" duration-ms="7024" started-at="2021-10-10T22:11:51 MSK" finished-at="2021-10-10T22:11:58 MSK">
          <reporter-output>
          </reporter-output>
        </test-method> <!-- addNewEmployee -->
      </class> <!-- practice2021.AddEmp -->
      <class name="practice2021.EditEmpBloodType">
        <test-method status="PASS" signature="editEmployeeBloodType()[pri:0, instance:practice2021.EditEmpBloodType@72b6cbcc]" name="editEmployeeBloodType" duration-ms="4649" started-at="2021-10-10T22:11:58 MSK" finished-at="2021-10-10T22:12:03 MSK">
          <reporter-output>
          </reporter-output>
        </test-method> <!-- editEmployeeBloodType -->
      </class> <!-- practice2021.EditEmpBloodType -->
      <class name="practice2021.EditEmpDoB">
        <test-method status="PASS" signature="editEmployeeDoB()[pri:0, instance:practice2021.EditEmpDoB@30b8a058]" name="editEmployeeDoB" duration-ms="5249" started-at="2021-10-10T22:12:20 MSK" finished-at="2021-10-10T22:12:25 MSK">
          <reporter-output>
          </reporter-output>
        </test-method> <!-- editEmployeeDoB -->
      </class> <!-- practice2021.EditEmpDoB -->
      <class name="practice2021.DeleteEmp">
        <test-method status="PASS" signature="deleteEmployee()[pri:0, instance:practice2021.DeleteEmp@7494e528]" name="deleteEmployee" duration-ms="2765" started-at="2021-10-10T22:12:25 MSK" finished-at="2021-10-10T22:12:28 MSK">
          <reporter-output>
          </reporter-output>
        </test-method> <!-- deleteEmployee -->
      </class> <!-- practice2021.DeleteEmp -->
      <class name="practice2021.EditEmpMaritalStatus">
        <test-method status="PASS" signature="editEmployeeMaritalStatus()[pri:0, instance:practice2021.EditEmpMaritalStatus@a7e666]" name="editEmployeeMaritalStatus" duration-ms="4712" started-at="2021-10-10T22:12:03 MSK" finished-at="2021-10-10T22:12:08 MSK">
          <reporter-output>
          </reporter-output>
        </test-method> <!-- editEmployeeMaritalStatus -->
      </class> <!-- practice2021.EditEmpMaritalStatus -->
      <class name="practice2021.EditEmpPhoto">
        <test-method status="PASS" signature="editEmployeePhoto()[pri:0, instance:practice2021.EditEmpPhoto@68bbe345]" name="editEmployeePhoto" duration-ms="12135" started-at="2021-10-10T22:12:08 MSK" finished-at="2021-10-10T22:12:20 MSK">
          <reporter-output>
          </reporter-output>
        </test-method> <!-- editEmployeePhoto -->
      </class> <!-- practice2021.EditEmpPhoto -->
      <class name="practice2021.Login">
        <test-method status="PASS" signature="setUp()[pri:0, instance:practice2021.Login@79be0360]" name="setUp" is-config="true" duration-ms="2046" started-at="2021-10-10T22:11:40 MSK" finished-at="2021-10-10T22:11:42 MSK">
          <reporter-output>
          </reporter-output>
        </test-method> <!-- setUp -->
        <test-method status="PASS" signature="logIn()[pri:0, instance:practice2021.Login@79be0360]" name="logIn" duration-ms="9139" started-at="2021-10-10T22:11:42 MSK" finished-at="2021-10-10T22:11:51 MSK">
          <reporter-output>
          </reporter-output>
        </test-method> <!-- logIn -->
        <test-method status="PASS" signature="tearDown()[pri:0, instance:practice2021.Login@79be0360]" name="tearDown" is-config="true" duration-ms="614" started-at="2021-10-10T22:12:29 MSK" finished-at="2021-10-10T22:12:30 MSK">
          <reporter-output>
          </reporter-output>
        </test-method> <!-- tearDown -->
      </class> <!-- practice2021.Login -->
    </test> <!-- EmployeePageActions1 -->
  </suite> <!-- Suite1 -->
</testng-results>
